{"C:\\Users\\gusta\\dev\\clean-node-api\\src\\teste.ts": {"path":"C:\\Users\\gusta\\dev\\clean-node-api\\src\\teste.ts","all":true,"statementMap":{"0":{"start":{"line":1,"column":0},"end":{"line":1,"column":27}},"1":{"start":{"line":2,"column":0},"end":{"line":2,"column":12}},"2":{"start":{"line":3,"column":0},"end":{"line":3,"column":1}},"3":{"start":{"line":4,"column":0},"end":{"line":4,"column":7}}},"s":{"0":0,"1":0,"2":0,"3":0},"branchMap":{"0":{"type":"branch","line":1,"loc":{"start":{"line":1,"column":0},"end":{"line":4,"column":7}},"locations":[{"start":{"line":1,"column":0},"end":{"line":4,"column":7}}]}},"b":{"0":[0]},"fnMap":{"0":{"name":"(empty-report)","decl":{"start":{"line":1,"column":0},"end":{"line":4,"column":7}},"loc":{"start":{"line":1,"column":0},"end":{"line":4,"column":7}},"line":1}},"f":{"0":0}}
}
